{"/home/muhammad/Documents/projects/facebookUI-clone/App.ts": {"path":"/home/muhammad/Documents/projects/facebookUI-clone/App.ts","statementMap":{},"fnMap":{},"branchMap":{},"s":{},"f":{},"b":{}}
,"/home/muhammad/Documents/projects/facebookUI-clone/src/App.tsx": {"path":"/home/muhammad/Documents/projects/facebookUI-clone/src/App.tsx","statementMap":{"0":{"start":{"line":7,"column":2},"end":{"line":13,"column":4}},"1":{"start":{"line":16,"column":15},"end":{"line":23,"column":2}}},"fnMap":{"0":{"name":"App","decl":{"start":{"line":6,"column":24},"end":{"line":6,"column":27}},"loc":{"start":{"line":6,"column":30},"end":{"line":14,"column":1}},"line":6}},"branchMap":{},"s":{"0":1,"1":1},"f":{"0":1},"b":{},"_coverageSchema":"1a1c01bbd47fc00a2c39e90264f33305004495a9","hash":"f2466b3e9e249b781aefb92cca22ae6ce5fa8428"}
,"/home/muhammad/Documents/projects/facebookUI-clone/src/components/LoadingButton.tsx": {"path":"/home/muhammad/Documents/projects/facebookUI-clone/src/components/LoadingButton.tsx","statementMap":{"0":{"start":{"line":10,"column":22},"end":{"line":30,"column":1}},"1":{"start":{"line":13,"column":6},"end":{"line":13,"column":11}},"2":{"start":{"line":15,"column":2},"end":{"line":29,"column":4}},"3":{"start":{"line":32,"column":15},"end":{"line":41,"column":2}}},"fnMap":{"0":{"name":"(anonymous_0)","decl":{"start":{"line":10,"column":22},"end":{"line":10,"column":23}},"loc":{"start":{"line":10,"column":46},"end":{"line":30,"column":1}},"line":10},"1":{"name":"(anonymous_1)","decl":{"start":{"line":20,"column":17},"end":{"line":20,"column":18}},"loc":{"start":{"line":20,"column":23},"end":{"line":20,"column":26}},"line":20}},"branchMap":{"0":{"loc":{"start":{"line":22,"column":7},"end":{"line":27,"column":7}},"type":"binary-expr","locations":[{"start":{"line":22,"column":7},"end":{"line":22,"column":14}},{"start":{"line":23,"column":8},"end":{"line":26,"column":10}}],"line":22}},"s":{"0":1,"1":1,"2":1,"3":1},"f":{"0":1,"1":0},"b":{"0":[1,0]},"_coverageSchema":"1a1c01bbd47fc00a2c39e90264f33305004495a9","hash":"829dca3b9e5e67447771f54487b17eb86e51d7b2"}
}
